0 info it worked if it ends with ok
1 verbose cli [ '/usr/local/bin/node',
1 verbose cli   '/usr/local/bin/npm',
1 verbose cli   'run',
1 verbose cli   'update:push',
1 verbose cli   '2.4.0' ]
2 info using npm@3.9.5
3 info using node@v4.4.5
4 verbose run-script [ 'preupdate:push', 'update:push', 'postupdate:push' ]
5 info lifecycle @mobile/lodash@2.3.0~preupdate:push: @mobile/lodash@2.3.0
6 silly lifecycle @mobile/lodash@2.3.0~preupdate:push: no script for preupdate:push, continuing
7 info lifecycle @mobile/lodash@2.3.0~update:push: @mobile/lodash@2.3.0
8 verbose lifecycle @mobile/lodash@2.3.0~update:push: unsafe-perm in lifecycle true
9 verbose lifecycle @mobile/lodash@2.3.0~update:push: PATH: /usr/local/lib/node_modules/npm/bin/node-gyp-bin:/Users/brentonhouse/Documents/Appcelerator_Studio_Workspace/mobile-lodash/node_modules/.bin:/usr/local/bin:/usr/local/bin:/usr/local/sbin:~/bin:/usr/local/bin:/usr/bin:/bin:/usr/sbin:/sbin:/usr/local/bin
10 verbose lifecycle @mobile/lodash@2.3.0~update:push: CWD: /Users/brentonhouse/Documents/Appcelerator_Studio_Workspace/mobile-lodash
11 silly lifecycle @mobile/lodash@2.3.0~update:push: Args: [ '-c', 'npm run update:version -- "2.4.0"' ]
12 silly lifecycle @mobile/lodash@2.3.0~update:push: Returned: code: 0  signal: null
13 info lifecycle @mobile/lodash@2.3.0~postupdate:push: @mobile/lodash@2.3.0
14 verbose lifecycle @mobile/lodash@2.3.0~postupdate:push: unsafe-perm in lifecycle true
15 verbose lifecycle @mobile/lodash@2.3.0~postupdate:push: PATH: /usr/local/lib/node_modules/npm/bin/node-gyp-bin:/Users/brentonhouse/Documents/Appcelerator_Studio_Workspace/mobile-lodash/node_modules/.bin:/usr/local/bin:/usr/local/bin:/usr/local/sbin:~/bin:/usr/local/bin:/usr/bin:/bin:/usr/sbin:/sbin:/usr/local/bin
16 verbose lifecycle @mobile/lodash@2.3.0~postupdate:push: CWD: /Users/brentonhouse/Documents/Appcelerator_Studio_Workspace/mobile-lodash
17 silly lifecycle @mobile/lodash@2.3.0~postupdate:push: Args: [ '-c',
17 silly lifecycle   'npm run postupdate:download && npm run postupdate:commit && npm run push' ]
18 silly lifecycle @mobile/lodash@2.3.0~postupdate:push: Returned: code: 1  signal: null
19 info lifecycle @mobile/lodash@2.3.0~postupdate:push: Failed to exec postupdate:push script
20 verbose stack Error: @mobile/lodash@2.3.0 postupdate:push: `npm run postupdate:download && npm run postupdate:commit && npm run push`
20 verbose stack Exit status 1
20 verbose stack     at EventEmitter.<anonymous> (/usr/local/lib/node_modules/npm/lib/utils/lifecycle.js:245:16)
20 verbose stack     at emitTwo (events.js:87:13)
20 verbose stack     at EventEmitter.emit (events.js:172:7)
20 verbose stack     at ChildProcess.<anonymous> (/usr/local/lib/node_modules/npm/lib/utils/spawn.js:24:14)
20 verbose stack     at emitTwo (events.js:87:13)
20 verbose stack     at ChildProcess.emit (events.js:172:7)
20 verbose stack     at maybeClose (internal/child_process.js:827:16)
20 verbose stack     at Process.ChildProcess._handle.onexit (internal/child_process.js:211:5)
21 verbose pkgid @mobile/lodash@2.3.0
22 verbose cwd /Users/brentonhouse/Documents/Appcelerator_Studio_Workspace/mobile-lodash
23 error Darwin 15.5.0
24 error argv "/usr/local/bin/node" "/usr/local/bin/npm" "run" "update:push" "2.4.0"
25 error node v4.4.5
26 error npm  v3.9.5
27 error code ELIFECYCLE
28 error @mobile/lodash@2.3.0 postupdate:push: `npm run postupdate:download && npm run postupdate:commit && npm run push`
28 error Exit status 1
29 error Failed at the @mobile/lodash@2.3.0 postupdate:push script 'npm run postupdate:download && npm run postupdate:commit && npm run push'.
29 error Make sure you have the latest version of node.js and npm installed.
29 error If you do, this is most likely a problem with the @mobile/lodash package,
29 error not with npm itself.
29 error Tell the author that this fails on your system:
29 error     npm run postupdate:download && npm run postupdate:commit && npm run push
29 error You can get information on how to open an issue for this project with:
29 error     npm bugs @mobile/lodash
29 error Or if that isn't available, you can get their info via:
29 error     npm owner ls @mobile/lodash
29 error There is likely additional logging output above.
30 verbose exit [ 1, true ]
